
时间：2019-09-29 15:12:46
进程：wf.ClientEntrance.exe
模块：ControlPatListNew   方法：SearchPatients   行数：787
标题：病人个数:
附加信息：
0


时间：2019-09-29 15:13:06
进程：wf.ClientEntrance.exe
模块：ControlPatListNew   方法：SearchPatients   行数：787
标题：病人个数:
附加信息：
0


时间：2019-09-29 15:13:12
进程：wf.ClientEntrance.exe
模块：ControlPatListNew   方法：SearchPatients   行数：787
标题：病人个数:
附加信息：
142


时间：2019-09-29 15:16:13
进程：wf.ClientEntrance.exe
模块：ControlPatListNew   方法：SearchPatients   行数：787
标题：病人个数:
附加信息：
142


时间：2019-09-29 15:16:36
进程：wf.ClientEntrance.exe
模块：ControlPatListNew   方法：SearchPatients   行数：787
标题：病人个数:
附加信息：
142


时间：2019-09-29 15:18:04
进程：wf.ClientEntrance.exe
模块：ControlPatListNew   方法：SearchPatients   行数：787
标题：病人个数:
附加信息：
142


时间：2019-09-29 15:20:40
进程：wf.ClientEntrance.exe
模块：ControlPatListNew   方法：SearchPatients   行数：787
标题：病人个数:
附加信息：
142


时间：2019-09-29 15:30:04
进程：wf.ClientEntrance.exe
模块：ControlPatListNew   方法：SearchPatients   行数：787
标题：病人个数:
附加信息：
142


时间：2019-09-29 15:31:58
进程：wf.ClientEntrance.exe
模块：ControlPatListNew   方法：SearchPatients   行数：787
标题：病人个数:
附加信息：
142


时间：2019-09-29 15:33:07
进程：wf.ClientEntrance.exe
模块：ControlPatListNew   方法：SearchPatients   行数：787
标题：病人个数:
附加信息：
142


时间：2019-09-29 15:33:18
进程：wf.ClientEntrance.exe
模块：ControlPatListNew   方法：SearchPatients   行数：787
标题：病人个数:
附加信息：
142


时间：2019-09-29 15:33:31
进程：wf.ClientEntrance.exe
模块：ControlPatListNew   方法：SearchPatients   行数：787
标题：病人个数:
附加信息：
142


时间：2019-09-29 15:37:29
进程：wf.ClientEntrance.exe
模块：ControlPatListNew   方法：SearchPatients   行数：787
标题：病人个数:
附加信息：
142


时间：2019-09-29 15:37:34
进程：wf.ClientEntrance.exe
模块：ControlPatListNew   方法：SearchPatients   行数：787
标题：病人个数:
附加信息：
142


时间：2019-09-29 15:51:27
进程：wf.ClientEntrance.exe
模块：ControlPatListNew   方法：SearchPatients   行数：787
标题：病人个数:
附加信息：
142


时间：2019-09-29 15:51:57
进程：wf.ClientEntrance.exe
模块：ControlPatListNew   方法：SearchPatients   行数：787
标题：病人个数:
附加信息：
142


时间：2019-09-29 16:35:14
进程：wf.ClientEntrance.exe
模块：ControlPatListNew   方法：SearchPatients   行数：787
标题：病人个数:
附加信息：
142


时间：2019-09-29 16:39:20
进程：wf.ClientEntrance.exe
模块：ControlPatListNew   方法：SearchPatients   行数：787
标题：病人个数:
附加信息：
4620


时间：2019-09-29 16:39:39
进程：wf.ClientEntrance.exe
模块：ControlPatListNew   方法：SearchPatients   行数：787
标题：病人个数:
附加信息：
0


时间：2019-09-29 16:39:44
进程：wf.ClientEntrance.exe
模块：ControlPatListNew   方法：SearchPatients   行数：787
标题：病人个数:
附加信息：
4829


时间：2019-09-29 16:39:52
进程：wf.ClientEntrance.exe
模块：ControlPatListNew   方法：SearchPatients   行数：787
标题：病人个数:
附加信息：
22


时间：2019-09-29 16:44:24
进程：wf.ClientEntrance.exe
模块：ControlPatListNew   方法：SearchPatients   行数：787
标题：病人个数:
附加信息：
0


时间：2019-09-29 16:44:28
进程：wf.ClientEntrance.exe
模块：ControlPatListNew   方法：SearchPatients   行数：787
标题：病人个数:
附加信息：
0


时间：2019-09-29 16:44:31
进程：wf.ClientEntrance.exe
模块：ControlPatListNew   方法：SearchPatients   行数：787
标题：病人个数:
附加信息：
1


时间：2019-09-29 16:44:44
进程：wf.ClientEntrance.exe
模块：ControlPatListNew   方法：SearchPatients   行数：787
标题：病人个数:
附加信息：
1


时间：2019-09-29 16:47:35
进程：wf.ClientEntrance.exe
模块：ControlPatListNew   方法：SearchPatients   行数：787
标题：病人个数:
附加信息：
0


时间：2019-09-29 16:47:42
进程：wf.ClientEntrance.exe
模块：ControlPatListNew   方法：SearchPatients   行数：787
标题：病人个数:
附加信息：
1


时间：2019-09-29 16:48:06
进程：wf.ClientEntrance.exe
模块：ControlPatListNew   方法：SearchPatients   行数：787
标题：病人个数:
附加信息：
1


时间：2019-09-29 16:49:25
进程：wf.ClientEntrance.exe
模块：ControlPatListNew   方法：SearchPatients   行数：787
标题：病人个数:
附加信息：
1


时间：2019-09-29 16:51:19
进程：wf.ClientEntrance.exe
模块：ControlPatListNew   方法：SearchPatients   行数：787
标题：病人个数:
附加信息：
1


时间：2019-09-29 16:56:35
进程：wf.ClientEntrance.exe
模块：ControlPatListNew   方法：SearchPatients   行数：787
标题：病人个数:
附加信息：
0


时间：2019-09-29 16:56:51
进程：wf.ClientEntrance.exe
模块：ControlPatListNew   方法：SearchPatients   行数：787
标题：病人个数:
附加信息：
0


时间：2019-09-29 16:56:54
进程：wf.ClientEntrance.exe
模块：ControlPatListNew   方法：SearchPatients   行数：787
标题：病人个数:
附加信息：
1


时间：2019-09-29 16:57:30
进程：wf.ClientEntrance.exe
模块：ControlPatListNew   方法：SearchPatients   行数：787
标题：病人个数:
附加信息：
1


时间：2019-09-29 17:03:59
进程：wf.ClientEntrance.exe
模块：ControlPatListNew   方法：SearchPatients   行数：787
标题：病人个数:
附加信息：
1

