
时间：2019-11-27 11:59:24
进程：wf.ClientEntrance.exe
模块：ControlPatListNew   方法：SearchPatients   行数：787
标题：病人个数:
附加信息：
0


时间：2019-11-27 11:59:32
进程：wf.ClientEntrance.exe
模块：ControlPatListNew   方法：SearchPatients   行数：787
标题：病人个数:
附加信息：
0


时间：2019-11-27 12:00:07
进程：wf.ClientEntrance.exe
模块：ControlPatListNew   方法：SearchPatients   行数：787
标题：病人个数:
附加信息：
1


时间：2019-11-27 12:00:07
进程：wf.ClientEntrance.exe
模块：ControlPatListNew   方法：SearchPatients   行数：787
标题：病人个数:
附加信息：
1


时间：2019-11-27 14:54:39
进程：wf.ClientEntrance.exe
模块：ControlPatListNew   方法：SearchPatients   行数：787
标题：病人个数:
附加信息：
0


时间：2019-11-27 14:54:43
进程：wf.ClientEntrance.exe
模块：ControlPatListNew   方法：SearchPatients   行数：787
标题：病人个数:
附加信息：
0


时间：2019-11-27 14:54:45
进程：wf.ClientEntrance.exe
模块：ControlPatListNew   方法：SearchPatients   行数：787
标题：病人个数:
附加信息：
137

